2022-09-30 18:13:43,267 INFO: Remove user ed.bullen@databricks.com from role admin [in /Users/ed.bullen/src/flask-oauth-dance/app/utils.py:68]
2022-09-30 18:13:51,426 INFO: Zero admin users - adding ed.bullen@databricks.com to admin [in /Users/ed.bullen/src/flask-oauth-dance/app/__init__.py:132]
2022-09-30 18:13:51,444 INFO: Add user ed.bullen@databricks.com to role admin [in /Users/ed.bullen/src/flask-oauth-dance/app/utils.py:27]
2022-09-30 18:17:19,481 INFO: Flask Web Application Startup [in /Users/ed.bullen/src/flask-oauth-dance/app/__init__.py:220]
2022-09-30 18:17:19,806 INFO: Flask Web Application Startup [in /Users/ed.bullen/src/flask-oauth-dance/app/__init__.py:220]
2022-09-30 18:22:21,947 INFO: Flask Web Application Startup [in /Users/ed.bullen/src/flask-oauth-dance/app/__init__.py:220]
2022-09-30 18:22:22,272 INFO: Flask Web Application Startup [in /Users/ed.bullen/src/flask-oauth-dance/app/__init__.py:220]
2022-09-30 18:23:17,568 INFO: Remove user ed.bullen@databricks.com from role admin [in /Users/ed.bullen/src/flask-oauth-dance/app/utils.py:68]
2022-09-30 18:24:41,799 INFO: Flask Web Application Startup [in /Users/ed.bullen/src/flask-oauth-dance/app/__init__.py:220]
2022-09-30 18:24:42,145 INFO: Flask Web Application Startup [in /Users/ed.bullen/src/flask-oauth-dance/app/__init__.py:220]
2022-09-30 18:24:50,297 INFO: Zero admin users - adding ed.bullen@databricks.com to admin [in /Users/ed.bullen/src/flask-oauth-dance/app/__init__.py:132]
2022-09-30 18:24:50,306 INFO: Add user ed.bullen@databricks.com to role admin [in /Users/ed.bullen/src/flask-oauth-dance/app/utils.py:27]
2022-09-30 18:26:31,034 INFO: Flask Web Application Startup [in /Users/ed.bullen/src/flask-oauth-dance/app/__init__.py:220]
2022-09-30 18:26:31,376 INFO: Flask Web Application Startup [in /Users/ed.bullen/src/flask-oauth-dance/app/__init__.py:220]
2022-09-30 18:27:13,357 INFO: Flask Web Application Startup [in /Users/ed.bullen/src/flask-oauth-dance/app/__init__.py:220]
2022-09-30 18:27:13,700 INFO: Flask Web Application Startup [in /Users/ed.bullen/src/flask-oauth-dance/app/__init__.py:220]
2022-09-30 18:28:10,189 INFO: Flask Web Application Startup [in /Users/ed.bullen/src/flask-oauth-dance/app/__init__.py:220]
2022-09-30 18:28:10,583 INFO: Flask Web Application Startup [in /Users/ed.bullen/src/flask-oauth-dance/app/__init__.py:220]
2022-09-30 18:28:56,435 INFO: Flask Web Application Startup [in /Users/ed.bullen/src/flask-oauth-dance/app/__init__.py:220]
2022-09-30 18:28:56,787 INFO: Flask Web Application Startup [in /Users/ed.bullen/src/flask-oauth-dance/app/__init__.py:220]
2022-09-30 18:38:35,047 INFO: Flask Web Application Startup [in /Users/ed.bullen/src/flask-oauth-dance/app/__init__.py:220]
2022-09-30 18:38:35,405 INFO: Flask Web Application Startup [in /Users/ed.bullen/src/flask-oauth-dance/app/__init__.py:220]
2022-09-30 18:38:43,675 INFO: Remove user ed.bullen@databricks.com from role user [in /Users/ed.bullen/src/flask-oauth-dance/app/utils.py:68]
2022-10-14 16:59:57,807 INFO: Flask Web Application Startup [in /Users/ed.bullen/src/flask-oauth-dance/app/__init__.py:220]
2022-10-14 16:59:58,138 INFO: Flask Web Application Startup [in /Users/ed.bullen/src/flask-oauth-dance/app/__init__.py:220]
2022-10-14 17:28:20,925 INFO: Flask Web Application Startup [in /Users/ed.bullen/src/flask-oauth-dance/app/__init__.py:220]
2022-10-14 17:28:21,326 INFO: Flask Web Application Startup [in /Users/ed.bullen/src/flask-oauth-dance/app/__init__.py:220]
2022-10-14 17:42:09,261 INFO: Flask Web Application Startup [in /Users/ed.bullen/src/flask-oauth-dance/app/__init__.py:220]
2022-10-14 17:42:09,612 INFO: Flask Web Application Startup [in /Users/ed.bullen/src/flask-oauth-dance/app/__init__.py:220]
